<?xml version="1.0" encoding="UTF-8"?>
<testsuite xmlns:xsi="http://www.w3.org/2001/XMLSchema-instance" xsi:noNamespaceSchemaLocation="https://maven.apache.org/surefire/maven-surefire-plugin/xsd/surefire-test-report-3.0.xsd" version="3.0" name="functionalj.list.FuncListTest" time="2.808" tests="266" errors="0" skipped="1" failures="0">
  <properties>
[...]
</properties>
  <testcase name="testNullableOptionalResult" classname="functionalj.list.FuncListTest" time="0.0"/>
  <testcase name="testZipOf_merge_int" classname="functionalj.list.FuncListTest" time="0.0"/>
  <testcase name="testSegment_sizeFunction" classname="functionalj.list.FuncListTest" time="0.001"/>
  <testcase name="testDeriveFrom" classname="functionalj.list.FuncListTest" time="0.0"/>
  <testcase name="testFillNull_getter_setter_supplier" classname="functionalj.list.FuncListTest" time="0.0"/>
  <testcase name="testDropAfter_previous" classname="functionalj.list.FuncListTest" time="0.001"/>
  <testcase name="testMinBy_withMapper" classname="functionalj.list.FuncListTest" time="0.0"/>
  <testcase name="testSortedBy" classname="functionalj.list.FuncListTest" time="0.0"/>
  <testcase name="testPrependAll" classname="functionalj.list.FuncListTest" time="0.0"/>
  <testcase name="testMaxIndexBy" classname="functionalj.list.FuncListTest" time="0.0"/>
  <testcase name="testContainsNoneOf" classname="functionalj.list.FuncListTest" time="0.001"/>
  <testcase name="testMaxBy_withMapper" classname="functionalj.list.FuncListTest" time="0.0"/>
  <testcase name="testCalculate2" classname="functionalj.list.FuncListTest" time="0.0"/>
  <testcase name="testCalculate3" classname="functionalj.list.FuncListTest" time="0.0"/>
  <testcase name="testCalculate4" classname="functionalj.list.FuncListTest" time="0.001"/>
  <testcase name="testCalculate5" classname="functionalj.list.FuncListTest" time="0.0"/>
  <testcase name="testCalculate6" classname="functionalj.list.FuncListTest" time="0.0"/>
  <testcase name="testAllMatch" classname="functionalj.list.FuncListTest" time="0.0"/>
  <testcase name="testGenerate" classname="functionalj.list.FuncListTest" time="0.0"/>
  <testcase name="testMapToMap_1" classname="functionalj.list.FuncListTest" time="0.0"/>
  <testcase name="testMapToMap_2" classname="functionalj.list.FuncListTest" time="0.001"/>
  <testcase name="testMapToMap_3" classname="functionalj.list.FuncListTest" time="0.0"/>
  <testcase name="testMapToMap_4" classname="functionalj.list.FuncListTest" time="0.0"/>
  <testcase name="testMapToMap_5" classname="functionalj.list.FuncListTest" time="0.0"/>
  <testcase name="testMapToMap_6" classname="functionalj.list.FuncListTest" time="0.0"/>
  <testcase name="testMapToMap_7" classname="functionalj.list.FuncListTest" time="0.001"/>
  <testcase name="testMapToMap_8" classname="functionalj.list.FuncListTest" time="0.0"/>
  <testcase name="testMapToMap_9" classname="functionalj.list.FuncListTest" time="0.0"/>
  <testcase name="testMapToObjIf" classname="functionalj.list.FuncListTest" time="0.0"/>
  <testcase name="testCalculate4_combine" classname="functionalj.list.FuncListTest" time="0.0"/>
  <testcase name="testFirstResult" classname="functionalj.list.FuncListTest" time="0.0"/>
  <testcase name="testExclude" classname="functionalj.list.FuncListTest" time="0.0"/>
  <testcase name="testacceptWhile" classname="functionalj.list.FuncListTest" time="0.001"/>
  <testcase name="testPeekClass" classname="functionalj.list.FuncListTest" time="0.0"/>
  <testcase name="testFilterIn_collection" classname="functionalj.list.FuncListTest" time="0.0"/>
  <testcase name="testFillNull_lens_function" classname="functionalj.list.FuncListTest" time="0.0"/>
  <testcase name="testFilterAsLong" classname="functionalj.list.FuncListTest" time="0.0"/>
  <testcase name="testSkipLimitLong" classname="functionalj.list.FuncListTest" time="0.0"/>
  <testcase name="testFlatMapToDouble" classname="functionalj.list.FuncListTest" time="0.0"/>
  <testcase name="testAppendAll" classname="functionalj.list.FuncListTest" time="0.001"/>
  <testcase name="testSegmentWhen" classname="functionalj.list.FuncListTest" time="0.0"/>
  <testcase name="testFilterAsInt" classname="functionalj.list.FuncListTest" time="0.0"/>
  <testcase name="testFilterClass" classname="functionalj.list.FuncListTest" time="0.0"/>
  <testcase name="testToArray" classname="functionalj.list.FuncListTest" time="0.001"/>
  <testcase name="testSkipUntil" classname="functionalj.list.FuncListTest" time="0.0"/>
  <testcase name="testSkipWhile" classname="functionalj.list.FuncListTest" time="0.0"/>
  <testcase name="testEmpty_withClass" classname="functionalj.list.FuncListTest" time="0.0"/>
  <testcase name="testMapToIntWithIndex_combine" classname="functionalj.list.FuncListTest" time="0.0"/>
  <testcase name="testZipOf_merge" classname="functionalj.list.FuncListTest" time="0.0"/>
  <testcase name="testMapToTuple_2" classname="functionalj.list.FuncListTest" time="0.001"/>
  <testcase name="testMapToTuple_3" classname="functionalj.list.FuncListTest" time="0.0"/>
  <testcase name="testMapToTuple_4" classname="functionalj.list.FuncListTest" time="0.0"/>
  <testcase name="testMapToTuple_5" classname="functionalj.list.FuncListTest" time="0.0"/>
  <testcase name="testMapToTuple_6" classname="functionalj.list.FuncListTest" time="0.0"/>
  <testcase name="testMapFirst_2" classname="functionalj.list.FuncListTest" time="0.0"/>
  <testcase name="testMapFirst_3" classname="functionalj.list.FuncListTest" time="0.0"/>
  <testcase name="testMapFirst_4" classname="functionalj.list.FuncListTest" time="0.0"/>
  <testcase name="testMapFirst_5" classname="functionalj.list.FuncListTest" time="0.001"/>
  <testcase name="testMapFirst_6" classname="functionalj.list.FuncListTest" time="0.0"/>
  <testcase name="testToMap_withMergedValue" classname="functionalj.list.FuncListTest" time="0.0"/>
  <testcase name="testSkipTake" classname="functionalj.list.FuncListTest" time="0.0"/>
  <testcase name="testMap" classname="functionalj.list.FuncListTest" time="0.0"/>
  <testcase name="testNew" classname="functionalj.list.FuncListTest" time="0.0"/>
  <testcase name="testFilterMapper" classname="functionalj.list.FuncListTest" time="0.001"/>
  <testcase name="testToJavaList" classname="functionalj.list.FuncListTest" time="0.0"/>
  <testcase name="testJavaList_readOnly" classname="functionalj.list.FuncListTest" time="0.0"/>
  <testcase name="testFindAny" classname="functionalj.list.FuncListTest" time="0.0"/>
  <testcase name="testFilterWithIndex" classname="functionalj.list.FuncListTest" time="0.0"/>
  <testcase name="testFrom_FuncList_infinite_toList" classname="functionalj.list.FuncListTest" time="0.0">
    <skipped message="Taking too long - run manually as needed."/>
  </testcase>
  <testcase name="testAllOf" classname="functionalj.list.FuncListTest" time="0.0"/>
  <testcase name="testCache" classname="functionalj.list.FuncListTest" time="0.001"/>
  <testcase name="testCount" classname="functionalj.list.FuncListTest" time="0.0"/>
  <testcase name="testCycle" classname="functionalj.list.FuncListTest" time="0.0"/>
  <testcase name="testEmpty" classname="functionalj.list.FuncListTest" time="0.0"/>
  <testcase name="testFirst" classname="functionalj.list.FuncListTest" time="0.0"/>
  <testcase name="testLimit" classname="functionalj.list.FuncListTest" time="0.0"/>
  <testcase name="testMapIf" classname="functionalj.list.FuncListTest" time="0.001"/>
  <testcase name="testMatch" classname="functionalj.list.FuncListTest" time="0.006"/>
  <testcase name="testMaxBy" classname="functionalj.list.FuncListTest" time="0.0"/>
  <testcase name="testMerge" classname="functionalj.list.FuncListTest" time="0.0"/>
  <testcase name="testMinBy" classname="functionalj.list.FuncListTest" time="0.0"/>
  <testcase name="testNulls" classname="functionalj.list.FuncListTest" time="0.001"/>
  <testcase name="testQuery" classname="functionalj.list.FuncListTest" time="0.0"/>
  <testcase name="testSpawn" classname="functionalj.list.FuncListTest" time="2.427"/>
  <testcase name="testSplit" classname="functionalj.list.FuncListTest" time="0.001"/>
  <testcase name="testToMap" classname="functionalj.list.FuncListTest" time="0.0"/>
  <testcase name="testToSet" classname="functionalj.list.FuncListTest" time="0.0"/>
  <testcase name="testFlatMap" classname="functionalj.list.FuncListTest" time="0.001"/>
  <testcase name="testGrab" classname="functionalj.list.FuncListTest" time="0.0"/>
  <testcase name="testJoin" classname="functionalj.list.FuncListTest" time="0.0"/>
  <testcase name="testLast" classname="functionalj.list.FuncListTest" time="0.0"/>
  <testcase name="testLoop" classname="functionalj.list.FuncListTest" time="0.0"/>
  <testcase name="testPeek" classname="functionalj.list.FuncListTest" time="0.001"/>
  <testcase name="testPipe" classname="functionalj.list.FuncListTest" time="0.0"/>
  <testcase name="testSize" classname="functionalj.list.FuncListTest" time="0.0"/>
  <testcase name="testSkip" classname="functionalj.list.FuncListTest" time="0.0"/>
  <testcase name="testTail" classname="functionalj.list.FuncListTest" time="0.0"/>
  <testcase name="testWith" classname="functionalj.list.FuncListTest" time="0.0"/>
  <testcase name="testMapWithIndex_combine" classname="functionalj.list.FuncListTest" time="0.0"/>
  <testcase name="testCalculate6_combine" classname="functionalj.list.FuncListTest" time="0.0"/>
  <testcase name="testForEach" classname="functionalj.list.FuncListTest" time="0.0"/>
  <testcase name="testSplitTuple" classname="functionalj.list.FuncListTest" time="0.0"/>
  <testcase name="testToString" classname="functionalj.list.FuncListTest" time="0.001"/>
  <testcase name="testPeekAs_map" classname="functionalj.list.FuncListTest" time="0.0"/>
  <testcase name="testPopulateArray_withOffsetLength" classname="functionalj.list.FuncListTest" time="0.0"/>
  <testcase name="testJavaList_lastIndexOf" classname="functionalj.list.FuncListTest" time="0.0"/>
  <testcase name="testMapToObjWithIndex_combine" classname="functionalj.list.FuncListTest" time="0.0"/>
  <testcase name="testPeekBy_map" classname="functionalj.list.FuncListTest" time="0.0"/>
  <testcase name="testJavaList_contains" classname="functionalj.list.FuncListTest" time="0.0"/>
  <testcase name="testFilterNonNull" classname="functionalj.list.FuncListTest" time="0.001"/>
  <testcase name="testRestate_sieveOfEratosthenes" classname="functionalj.list.FuncListTest" time="0.008"/>
  <testcase name="testAt" classname="functionalj.list.FuncListTest" time="0.0"/>
  <testcase name="testOf" classname="functionalj.list.FuncListTest" time="0.0"/>
  <testcase name="testFindAny_withPredicate" classname="functionalj.list.FuncListTest" time="0.0"/>
  <testcase name="testMapGroupToInt" classname="functionalj.list.FuncListTest" time="0.001"/>
  <testcase name="testMapGroupToDouble" classname="functionalj.list.FuncListTest" time="0.001"/>
  <testcase name="testFrom_funcList" classname="functionalj.list.FuncListTest" time="0.0"/>
  <testcase name="testInsertAllAt" classname="functionalj.list.FuncListTest" time="0.0"/>
  <testcase name="testToMutableList" classname="functionalj.list.FuncListTest" time="0.0"/>
  <testcase name="testToBuilder" classname="functionalj.list.FuncListTest" time="0.0"/>
  <testcase name="testPrepend" classname="functionalj.list.FuncListTest" time="0.0"/>
  <testcase name="testAccumulate" classname="functionalj.list.FuncListTest" time="0.0"/>
  <testcase name="testToListString" classname="functionalj.list.FuncListTest" time="0.0"/>
  <testcase name="testZipWith" classname="functionalj.list.FuncListTest" time="0.001"/>
  <testcase name="testMinMaxBy" classname="functionalj.list.FuncListTest" time="0.0"/>
  <testcase name="testZipOf_merge_double_obj" classname="functionalj.list.FuncListTest" time="0.0"/>
  <testcase name="testExcludeNull_withMapper" classname="functionalj.list.FuncListTest" time="0.0"/>
  <testcase name="testCalculate" classname="functionalj.list.FuncListTest" time="0.0"/>
  <testcase name="testToDoubleArray" classname="functionalj.list.FuncListTest" time="0.001"/>
  <testcase name="testSkipLimitLongMinus" classname="functionalj.list.FuncListTest" time="0.0"/>
  <testcase name="testFrom_FuncList_infinite" classname="functionalj.list.FuncListTest" time="0.007"/>
  <testcase name="testForEachWithIndex" classname="functionalj.list.FuncListTest" time="0.0"/>
  <testcase name="testacceptWhile_previous" classname="functionalj.list.FuncListTest" time="0.0"/>
  <testcase name="testForEachOrdered" classname="functionalj.list.FuncListTest" time="0.0"/>
  <testcase name="testFrom_collection" classname="functionalj.list.FuncListTest" time="0.0"/>
  <testcase name="testFlatMapIf" classname="functionalj.list.FuncListTest" time="0.0"/>
  <testcase name="testFrom_stream" classname="functionalj.list.FuncListTest" time="0.001"/>
  <testcase name="testMapToDoubleWithIndex_combine" classname="functionalj.list.FuncListTest" time="0.0"/>
  <testcase name="testFillNull_lens_supplier" classname="functionalj.list.FuncListTest" time="0.0"/>
  <testcase name="testFilterClass_withPredicate" classname="functionalj.list.FuncListTest" time="0.0"/>
  <testcase name="testJavaList_containsAll" classname="functionalj.list.FuncListTest" time="0.0"/>
  <testcase name="testFlatMapToInt" classname="functionalj.list.FuncListTest" time="0.001"/>
  <testcase name="testFindAny_withMapper_withPredicate" classname="functionalj.list.FuncListTest" time="0.0"/>
  <testcase name="testSkipLimitLongNull" classname="functionalj.list.FuncListTest" time="0.0"/>
  <testcase name="testFindFirst_withMapper_withPredicate" classname="functionalj.list.FuncListTest" time="0.0"/>
  <testcase name="testSortedByComparator" classname="functionalj.list.FuncListTest" time="0.0"/>
  <testcase name="testJavaList_for" classname="functionalj.list.FuncListTest" time="0.0"/>
  <testcase name="testJavaList_get" classname="functionalj.list.FuncListTest" time="0.0"/>
  <testcase name="testToIntArray" classname="functionalj.list.FuncListTest" time="0.0"/>
  <testcase name="testExcludeIn_collection" classname="functionalj.list.FuncListTest" time="0.0"/>
  <testcase name="testJavaList_indexOf" classname="functionalj.list.FuncListTest" time="0.0"/>
  <testcase name="testacceptUntil_previous" classname="functionalj.list.FuncListTest" time="0.001"/>
  <testcase name="testIndexesOf" classname="functionalj.list.FuncListTest" time="0.0"/>
  <testcase name="testContainsAllOf" classname="functionalj.list.FuncListTest" time="0.0"/>
  <testcase name="testContainsAnyOf" classname="functionalj.list.FuncListTest" time="0.0"/>
  <testcase name="testEagerLazy" classname="functionalj.list.FuncListTest" time="0.0"/>
  <testcase name="testFillNull" classname="functionalj.list.FuncListTest" time="0.001"/>
  <testcase name="testExcludeAny" classname="functionalj.list.FuncListTest" time="0.0"/>
  <testcase name="testFindLast" classname="functionalj.list.FuncListTest" time="0.0"/>
  <testcase name="testCalculate3_combine" classname="functionalj.list.FuncListTest" time="0.0"/>
  <testcase name="testTakeUtil" classname="functionalj.list.FuncListTest" time="0.0"/>
  <testcase name="testCompound" classname="functionalj.list.FuncListTest" time="0.0"/>
  <testcase name="testDropAfter" classname="functionalj.list.FuncListTest" time="0.001"/>
  <testcase name="testChoose_AllowUnpaired" classname="functionalj.list.FuncListTest" time="0.0"/>
  <testcase name="testCapture" classname="functionalj.list.FuncListTest" time="0.001"/>
  <testcase name="testZipOf_merge_double" classname="functionalj.list.FuncListTest" time="0.0"/>
  <testcase name="testJoin_withDelimiter" classname="functionalj.list.FuncListTest" time="0.0"/>
  <testcase name="testFlatMapOnly" classname="functionalj.list.FuncListTest" time="0.0"/>
  <testcase name="testEmptyFuncList" classname="functionalj.list.FuncListTest" time="0.0"/>
  <testcase name="testMinMaxBy_withMapper" classname="functionalj.list.FuncListTest" time="0.0"/>
  <testcase name="testToMap_withMappedMergedValue" classname="functionalj.list.FuncListTest" time="0.0"/>
  <testcase name="testJavaList_subList" classname="functionalj.list.FuncListTest" time="0.0"/>
  <testcase name="testPipeable" classname="functionalj.list.FuncListTest" time="0.0"/>
  <testcase name="testAnyMatch" classname="functionalj.list.FuncListTest" time="0.0"/>
  <testcase name="testSegmentByPercentiles" classname="functionalj.list.FuncListTest" time="0.001"/>
  <testcase name="testFizzBuzz" classname="functionalj.list.FuncListTest" time="0.001"/>
  <testcase name="testMapOnly" classname="functionalj.list.FuncListTest" time="0.0"/>
  <testcase name="testMapTwoToSix" classname="functionalj.list.FuncListTest" time="0.0"/>
  <testcase name="testIsEagerIsLazy" classname="functionalj.list.FuncListTest" time="0.0"/>
  <testcase name="testExcludeNull" classname="functionalj.list.FuncListTest" time="0.001"/>
  <testcase name="testSegmentByPercentiles_mapper" classname="functionalj.list.FuncListTest" time="0.0"/>
  <testcase name="testCollect" classname="functionalj.list.FuncListTest" time="0.0"/>
  <testcase name="testCombine" classname="functionalj.list.FuncListTest" time="0.0"/>
  <testcase name="testSplit_ignore" classname="functionalj.list.FuncListTest" time="0.001"/>
  <testcase name="testGroupingBy" classname="functionalj.list.FuncListTest" time="0.0"/>
  <testcase name="testMinIndexBy" classname="functionalj.list.FuncListTest" time="0.0"/>
  <testcase name="testGroupingBy_aggregate" classname="functionalj.list.FuncListTest" time="0.0"/>
  <testcase name="testZipOf_toTuple" classname="functionalj.list.FuncListTest" time="0.0"/>
  <testcase name="testPopulateArray_withOffset" classname="functionalj.list.FuncListTest" time="0.0"/>
  <testcase name="testToFuncList" classname="functionalj.list.FuncListTest" time="0.0"/>
  <testcase name="testFindFirst_withPredicate" classname="functionalj.list.FuncListTest" time="0.0"/>
  <testcase name="testRestate" classname="functionalj.list.FuncListTest" time="0.001"/>
  <testcase name="testReverse" classname="functionalj.list.FuncListTest" time="0.0"/>
  <testcase name="testGroupingBy_collect" classname="functionalj.list.FuncListTest" time="0.0"/>
  <testcase name="testCalculate5_combine" classname="functionalj.list.FuncListTest" time="0.0"/>
  <testcase name="testMapToDouble" classname="functionalj.list.FuncListTest" time="0.0"/>
  <testcase name="testFrom_list" classname="functionalj.list.FuncListTest" time="0.0"/>
  <testcase name="testEmptyFuncList_withClass" classname="functionalj.list.FuncListTest" time="0.0"/>
  <testcase name="testHashCode" classname="functionalj.list.FuncListTest" time="0.001"/>
  <testcase name="testMapToInt" classname="functionalj.list.FuncListTest" time="0.0"/>
  <testcase name="testMapToObj" classname="functionalj.list.FuncListTest" time="0.0"/>
  <testcase name="testFillNull_lens" classname="functionalj.list.FuncListTest" time="0.0"/>
  <testcase name="testFilterNonNull_withMapper" classname="functionalj.list.FuncListTest" time="0.0"/>
  <testcase name="testToByteArray" classname="functionalj.list.FuncListTest" time="0.0"/>
  <testcase name="testMapToMap_10" classname="functionalj.list.FuncListTest" time="0.0"/>
  <testcase name="testMapToMap_11" classname="functionalj.list.FuncListTest" time="0.001"/>
  <testcase name="testFillNull_getter_setter" classname="functionalj.list.FuncListTest" time="0.0"/>
  <testcase name="testEagerLazy_more" classname="functionalj.list.FuncListTest" time="0.0"/>
  <testcase name="testDistinct" classname="functionalj.list.FuncListTest" time="0.0"/>
  <testcase name="testFillNull_getter_setter_function" classname="functionalj.list.FuncListTest" time="0.0"/>
  <testcase name="testMapGroup_specific" classname="functionalj.list.FuncListTest" time="0.001"/>
  <testcase name="testFindFirst" classname="functionalj.list.FuncListTest" time="0.0"/>
  <testcase name="testSegmentBetween" classname="functionalj.list.FuncListTest" time="0.002"/>
  <testcase name="testMapGroup_count" classname="functionalj.list.FuncListTest" time="0.0"/>
  <testcase name="testMinMaxBy_withMapper_withComparator" classname="functionalj.list.FuncListTest" time="0.001"/>
  <testcase name="testFilterAsDouble" classname="functionalj.list.FuncListTest" time="0.0"/>
  <testcase name="testToMap_withValue" classname="functionalj.list.FuncListTest" time="0.0"/>
  <testcase name="testFilter_mapper" classname="functionalj.list.FuncListTest" time="0.0"/>
  <testcase name="testMapToString" classname="functionalj.list.FuncListTest" time="0.0"/>
  <testcase name="testLastResult" classname="functionalj.list.FuncListTest" time="0.0"/>
  <testcase name="testAppend" classname="functionalj.list.FuncListTest" time="0.0"/>
  <testcase name="testInsertAt" classname="functionalj.list.FuncListTest" time="0.0"/>
  <testcase name="testChoose" classname="functionalj.list.FuncListTest" time="0.0"/>
  <testcase name="testConcat" classname="functionalj.list.FuncListTest" time="0.0"/>
  <testcase name="testEquals" classname="functionalj.list.FuncListTest" time="0.0"/>
  <testcase name="testFilter" classname="functionalj.list.FuncListTest" time="0.001"/>
  <testcase name="testNoneMatch" classname="functionalj.list.FuncListTest" time="0.0"/>
  <testcase name="testFilterAsObject" classname="functionalj.list.FuncListTest" time="0.0"/>
  <testcase name="testAppendWith" classname="functionalj.list.FuncListTest" time="0.0"/>
  <testcase name="testListOf" classname="functionalj.list.FuncListTest" time="0.0"/>
  <testcase name="testSegmentAfter" classname="functionalj.list.FuncListTest" time="0.0"/>
  <testcase name="testFrom_javaList" classname="functionalj.list.FuncListTest" time="0.0"/>
  <testcase name="testMinMax" classname="functionalj.list.FuncListTest" time="0.0"/>
  <testcase name="testIndexOf" classname="functionalj.list.FuncListTest" time="0.0"/>
  <testcase name="testSegment" classname="functionalj.list.FuncListTest" time="0.001"/>
  <testcase name="testToArrayList" classname="functionalj.list.FuncListTest" time="0.0"/>
  <testcase name="testMapThen_2" classname="functionalj.list.FuncListTest" time="0.0"/>
  <testcase name="testMapThen_3" classname="functionalj.list.FuncListTest" time="0.0"/>
  <testcase name="testMapThen_4" classname="functionalj.list.FuncListTest" time="0.0"/>
  <testcase name="testMapThen_5" classname="functionalj.list.FuncListTest" time="0.0"/>
  <testcase name="testMapThen_6" classname="functionalj.list.FuncListTest" time="0.001"/>
  <testcase name="testParependWith" classname="functionalj.list.FuncListTest" time="0.0"/>
  <testcase name="testPeekAs" classname="functionalj.list.FuncListTest" time="0.0"/>
  <testcase name="testPeekBy" classname="functionalj.list.FuncListTest" time="0.0"/>
  <testcase name="testShuffle" classname="functionalj.list.FuncListTest" time="0.0"/>
  <testcase name="testReduce" classname="functionalj.list.FuncListTest" time="0.0"/>
  <testcase name="testRepeat" classname="functionalj.list.FuncListTest" time="0.001"/>
  <testcase name="testDeriveTo" classname="functionalj.list.FuncListTest" time="0.0"/>
  <testcase name="testSorted" classname="functionalj.list.FuncListTest" time="0.0"/>
  <testcase name="testIterate" classname="functionalj.list.FuncListTest" time="0.0"/>
  <testcase name="testToList" classname="functionalj.list.FuncListTest" time="0.0"/>
  <testcase name="testFrom_array" classname="functionalj.list.FuncListTest" time="0.0"/>
  <testcase name="testTest_predicate" classname="functionalj.list.FuncListTest" time="0.0"/>
  <testcase name="testCalculate2_combine" classname="functionalj.list.FuncListTest" time="0.0"/>
  <testcase name="testSpliterator" classname="functionalj.list.FuncListTest" time="0.0"/>
  <testcase name="testFilter_withMappter" classname="functionalj.list.FuncListTest" time="0.001"/>
  <testcase name="testZipOf_merge_int_obj" classname="functionalj.list.FuncListTest" time="0.0"/>
  <testcase name="testIterable" classname="functionalj.list.FuncListTest" time="0.0"/>
  <testcase name="testIterator" classname="functionalj.list.FuncListTest" time="0.0"/>
  <testcase name="testJavaList_size_isEmpty" classname="functionalj.list.FuncListTest" time="0.0"/>
  <testcase name="testSpawn_limit" classname="functionalj.list.FuncListTest" time="0.311"/>
  <testcase name="testFilterOnly" classname="functionalj.list.FuncListTest" time="0.0"/>
  <testcase name="testSegmentByPercentiles_mapper_comparator" classname="functionalj.list.FuncListTest" time="0.001"/>
  <testcase name="testToImmutableList" classname="functionalj.list.FuncListTest" time="0.0"/>
  <testcase name="testMapWithIndex" classname="functionalj.list.FuncListTest" time="0.0"/>
  <testcase name="testPopulateArray" classname="functionalj.list.FuncListTest" time="0.0"/>
</testsuite>