<?xml version="1.0" encoding="UTF-8"?>
<testsuite xmlns:xsi="http://www.w3.org/2001/XMLSchema-instance" xsi:noNamespaceSchemaLocation="https://maven.apache.org/surefire/maven-surefire-plugin/xsd/surefire-test-report-3.0.xsd" version="3.0" name="functionalj.pipeable.PipeableTest" time="0.006" tests="11" errors="0" skipped="0" failures="0">
  <properties>
[...]
</properties>
  <testcase name="testException" classname="functionalj.pipeable.PipeableTest" time="0.0"/>
  <testcase name="testAll" classname="functionalj.pipeable.PipeableTest" time="0.004"/>
  <testcase name="testOrElseGet" classname="functionalj.pipeable.PipeableTest" time="0.001"/>
  <testcase name="testBasic" classname="functionalj.pipeable.PipeableTest" time="0.0"/>
  <testcase name="testNullSelf" classname="functionalj.pipeable.PipeableTest" time="0.0"/>
  <testcase name="testToResult" classname="functionalj.pipeable.PipeableTest" time="0.0"/>
  <testcase name="testBasicNull" classname="functionalj.pipeable.PipeableTest" time="0.0"/>
  <testcase name="testRuntimeException" classname="functionalj.pipeable.PipeableTest" time="0.0"/>
  <testcase name="testFilter" classname="functionalj.pipeable.PipeableTest" time="0.001"/>
  <testcase name="testOrElse" classname="functionalj.pipeable.PipeableTest" time="0.0"/>
  <testcase name="testOrElse_Catch" classname="functionalj.pipeable.PipeableTest" time="0.0"/>
</testsuite>